f:\openglworkspace\mmdtools\mmdtools\x64\debug\vc142.pdb
f:\openglworkspace\mmdtools\mmdtools\x64\debug\vc142.idb
f:\openglworkspace\mmdtools\mmdtools\x64\debug\main.obj
f:\openglworkspace\mmdtools\mmdtools\x64\debug\viewercommand.obj
f:\openglworkspace\mmdtools\mmdtools\x64\debug\path.obj
f:\openglworkspace\mmdtools\mmdtools\x64\debug\ly_viewer.obj
f:\openglworkspace\mmdtools\mmdtools\x64\debug\viewercontext.obj
f:\openglworkspace\mmdtools\mmdtools\x64\debug\imgui_widgets.obj
f:\openglworkspace\mmdtools\mmdtools\x64\debug\imgui_impl_glfw.obj
f:\openglworkspace\mmdtools\mmdtools\x64\debug\imgui_draw.obj
f:\openglworkspace\mmdtools\mmdtools\x64\debug\imguizmo.obj
f:\openglworkspace\mmdtools\mmdtools\x64\debug\imgui.obj
f:\openglworkspace\mmdtools\mmdtools\x64\debug\imgui_impl_opengl3.obj
f:\openglworkspace\mmdtools\mmdtools\x64\debug\glad.obj
f:\openglworkspace\mmdtools\bin\mmdtools.exe
f:\openglworkspace\mmdtools\mmdtools\x64\debug\mmdtools.ilk
f:\openglworkspace\mmdtools\bin\mmdtools.pdb
f:\openglworkspace\mmdtools\mmdtools\x64\debug\mmdtools.tlog\cl.command.1.tlog
f:\openglworkspace\mmdtools\mmdtools\x64\debug\mmdtools.tlog\cl.read.1.tlog
f:\openglworkspace\mmdtools\mmdtools\x64\debug\mmdtools.tlog\cl.write.1.tlog
f:\openglworkspace\mmdtools\mmdtools\x64\debug\mmdtools.tlog\link.command.1.tlog
f:\openglworkspace\mmdtools\mmdtools\x64\debug\mmdtools.tlog\link.read.1.tlog
f:\openglworkspace\mmdtools\mmdtools\x64\debug\mmdtools.tlog\link.write.1.tlog
